#
# There is insufficient memory for the Java Runtime Environment to continue.
# Native memory allocation (mmap) failed to map 132120576 bytes for G1 virtual space
# Possible reasons:
#   The system is out of physical RAM or swap space
#   The process is running with CompressedOops enabled, and the Java Heap may be blocking the growth of the native heap
# Possible solutions:
#   Reduce memory load on the system
#   Increase physical memory or swap space
#   Check if swap backing store is full
#   Decrease Java heap size (-Xmx/-Xms)
#   Decrease number of Java threads
#   Decrease Java thread stack sizes (-Xss)
#   Set larger code cache with -XX:ReservedCodeCacheSize=
#   JVM is running with Unscaled Compressed Oops mode in which the Java heap is
#     placed in the first 4GB address space. The Java Heap base address is the
#     maximum limit for the native heap growth. Please use -XX:HeapBaseMinAddress
#     to set the Java Heap base and to place the Java Heap above 4GB virtual address.
# This output file may be truncated or incomplete.
#
#  Out of Memory Error (os_windows.cpp:3769), pid=17092, tid=14588
#
# JRE version:  (17.0.6+1) (build )
# Java VM: OpenJDK 64-Bit Server VM (17.0.6+1-b653.34, mixed mode, sharing, tiered, compressed oops, compressed class ptrs, g1 gc, windows-amd64)
# No core dump will be written. Minidumps are not enabled by default on client versions of Windows
#

---------------  S U M M A R Y ------------

Command Line: git4idea.http.GitAskPassApp Username for 'https://github.com': 

Host: Intel(R) Core(TM) i3-7130U CPU @ 2.70GHz, 4 cores, 7G,  Windows 10 , 64 bit Build 19041 (10.0.19041.2788)
Time: Mon May  1 20:05:26 2023 Paris, Madrid (heure duild 19041 (10.0.19041.2788) elapsed time: 0.033927 seconds (0d 0h 0m 0s)

---------------  T H R E A D  ---------------

Current thread (0x000001a4ce3cd190):  JavaThread "Unknown thread" [_thread_in_vm, id=14588, stack(0x0000009fc6c00000,0x0000009fc6d00000)]

Stack: [0x0000009fc6c00000,0x0000009fc6d00000]
Native frames: (J=compiled Java code, j=interpreted, Vv=VM code, C=native code)
V  [jvm.dll+0x683b4a]
V  [jvm.dll+0x842654]
V  [jvm.dll+0x843dfe]
V  [jvm.dll+0x844463]
V  [jvm.dll+0x249b75]
V  [jvm.dll+0x680a19]
V  [jvm.dll+0x674f0a]
V  [jvm.dll+0x309acb]
V  [jvm.dll+0x310f86]
V  [jvm.dll+0x3608ee]
V  [jvm.dll+0x360b1f]
V  [jvm.dll+0x2dfbf8]
V  [jvm.dll+0x2e0b64]
V  [jvm.dll+0x813f41]
V  [jvm.dll+0x36e6a1]
V  [jvm.dll+0x7f347c]
V  [jvm.dll+0x3f0e8f]
V  [jvm.dll+0x3f29d1]
C  [jli.dll+0x526b]
C  [ucrtbase.dll+0x21bb2]
C  [KERNEL32.DLL+0x17604]
C  [ntdll.dll+0x526a1]


---------------  P R O C E S S  ---------------

Threads class SMR info:
_java_thread_list=0x00007ff8e222c058, length=0, elements={
}

Java Threads: ( => current thread )

Other Threads:
  0x000001a4ce4276d0 GCTaskThread "GC Thread#0" [stack: 0x0000009fc6d00000,0x0000009fc6e00000] [id=9608]
  0x000001a4ce4381d0 ConcurrentGCThread "G1 Main Marker" [stack: 0x0000009fc6e00000,0x0000009fc6f00000] [id=15108]
  0x000001a4ce439380 ConcurrentGCThread "G1 Conc#0" [stack: 0x0000009fc6f00000,0x0000009fc7000000] [id=12488]

[error occurred during error reporting (printing all threads), id 0xc0000005, EXCEPTION_ACCESS_VIOLATION (0xc0000005) at pc=0x00007ff8e19e0797]

VM state: not at safepoint (not fully initialized)

VM Mutex/Monitor currently owned by a thread:  ([mutex/lock_event])
[0x000001a4ce3c98e0] Heap_lock - owner thread: 0x000001a4ce3cd190

Heap address: 0x0000000082200000, size: 2014 MB, Compressed Oops mode: 32-bit

CDS archive(s) mapped at: [0x0000000000000000-0x0000000000000000-0x0000000000000000), size 0, SharedBaseAddress: 0x0000000800000000, ArchiveRelocationMode: 0.
Narrow klass base: 0x0000000000000000, Narrow klass shift: 0, Narrow klass range: 0x0

GC Precious Log:
<Empty>

Heap:
 garbage-first heap   total 0K, used 0K [0x0000000082200000, 0x0000000100000000)
  region size 1024K, 0 young (0K), 0 survivors (0K)

[error occurred during error reporting (printing heap information), id 0xc0000005, EXCEPTION_ACCESS_VIOLATION (0xc0000005) at pc=0x00007ff8e1dcd939]

GC Heap History (0 events):
No events

Dll operation events (1 events):
Event: 0.019 Loaded shared library C:\Program Files\JetBrains\WebStorm 2022.3.3\jbr\bin\java.dll

Deoptimization events (0 events):
No events

Classes unloaded (0 events):
No events

Classes redefined (0 events):
No events

Internal exceptions (0 events):
No events

VM Operations (0 events):
No events

Events (0 events):
No events


Dynamic libraries:
0x00007ff67b940000 - 0x00007ff67b94a000 	C:\Program Files\JetBrains\WebStorm 2022.3.3\jbr\bin\java.exe
0x00007ff92e770000 - 0x00007ff92e968000 	C:\windows\SYSTEM32\ntdll.dll
0x00007ff92cfb0000 - 0x00007ff92d06f000 	C:\windows\System32\KERNEL32.DLL
0x00007ff92c3c0000 - 0x00007ff92c69a000 	C:\windows\System32\KERNELBASE.dll
0x00007ff92bfe0000 - 0x00007ff92c0e0000 	C:\windows\System32\ucrtbase.dll
0x00007ff8fa760000 - 0x00007ff8fa777000 	C:\Program Files\JetBrains\WebStorm 2022.3.3\jbr\bin\jli.dll
0x00007ff92ccd0000 - 0x00007ff92ce6d000 	C:\windows\System32\USER32.dll
0x00007ff8f4e70000 - 0x00007ff8f4e8b000 	C:\Program Files\JetBrains\WebStorm 2022.3.3\jbr\bin\VCRUNTIME140.dll
0x00007ff92c7a0000 - 0x00007ff92c7c2000 	C:\windows\System32\win32u.dll
0x00007ff92cc80000 - 0x00007ff92ccab000 	C:\windows\System32\GDI32.dll
0x00007ff92c260000 - 0x00007ff92c370000 	C:\windows\System32\gdi32full.dll
0x00007ff92c0e0000 - 0x00007ff92c17d000 	C:\windows\System32\msvcp_win.dll
0x00007ff914f50000 - 0x00007ff9151ea000 	C:\windows\WinSxS\amd64_microsoft.windows.common-controls_6595b64144ccf1df_6.0.19041.1110_none_60b5254171f9507e\COMCTL32.dll
0x00007ff92c9f0000 - 0x00007ff92ca8e000 	C:\windows\System32\msvcrt.dll
0x00007ff92d7d0000 - 0x00007ff92d800000 	C:\windows\System32\IMM32.DLL
0x00007ff9173d0000 - 0x00007ff9173dc000 	C:\Program Files\JetBrains\WebStorm 2022.3.3\jbr\bin\vcruntime140_1.dll
0x00007ff8f0a00000 - 0x00007ff8f0a8d000 	C:\Program Files\JetBrains\WebStorm 2022.3.3\jbr\bin\msvcp140.dll
0x00007ff8e16f0000 - 0x00007ff8e235d000 	C:\Program Files\JetBrains\WebStorm 2022.3.3\jbr\bin\server\jvm.dll
0x00007ff92e180000 - 0x00007ff92e22e000 	C:\windows\System32\ADVAPI32.dll
0x00007ff92c7d0000 - 0x00007ff92c86c000 	C:\windows\System32\sechost.dll
0x00007ff92ce70000 - 0x00007ff92cf96000 	C:\windows\System32\RPCRT4.dll
0x00007ff914340000 - 0x00007ff914349000 	C:\windows\SYSTEM32\WSOCK32.dll
0x00007ff92e6c0000 - 0x00007ff92e72b000 	C:\windows\System32\WS2_32.dll
0x00007ff9143b0000 - 0x00007ff9143d7000 	C:\windows\SYSTEM32\WINMM.dll
0x00007ff91cfb0000 - 0x00007ff91cfba000 	C:\windows\SYSTEM32\VERSION.dll
0x00007ff92a6d0000 - 0x00007ff92a6e2000 	C:\windows\SYSTEM32\kernel.appcore.dll
0x00007ff9173c0000 - 0x00007ff9173ca000 	C:\Program Files\JetBrains\WebStorm 2022.3.3\jbr\bin\jimage.dll
0x00007ff929ae0000 - 0x00007ff929cc4000 	C:\windows\SYSTEM32\DBGHELP.DLL
0x00007ff914510000 - 0x00007ff914544000 	C:\windows\SYSTEM32\dbgcore.DLL
0x00007ff92c6a0000 - 0x00007ff92c722000 	C:\windows\System32\bcryptPrimitives.dll
0x00007ff9042c0000 - 0x00007ff9042e5000 	C:\Program Files\JetBrains\WebStorm 2022.3.3\jbr\bin\java.dll

dbghelp: loaded successfully - version: 4.0.5 - missing functions: none
symbol engine: initialized successfully - sym options: 0x614 - pdb path: .;C:\Program Files\JetBrains\WebStorm 2022.3.3\jbr\bin;C:\windows\SYSTEM32;C:\windows\WinSxS\amd64_microsoft.windows.common-controls_6595b64144ccf1df_6.0.19041.1110_none_60b5254171f9507e;C:\Program Files\JetBrains\WebStorm 2022.3.3\jbr\bin\server

VM Arguments:
java_command: git4idea.http.GitAskPassApp Username for 'https://github.com': 
java_class_path (initial): C:/Program Files/JetBrains/WebStorm 2022.3.3/plugins/vcs-git/lib/git4idea-rt.jar;C:/Program Files/JetBrains/WebStorm 2022.3.3/lib/externalProcess-rt.jar;C:/Program Files/JetBrains/WebStorm 2022.3.3/lib/app.jar;C:/Program Files/JetBrains/WebStorm 2022.3.3/lib/3rd-party-rt.jar
Launcher Type: SUN_STANDARD

[Global flags]
     intx CICompilerCount                          = 3                                         {product} {ergonomic}
     uint ConcGCThreads                            = 1                                         {product} {ergonomic}
     uint G1ConcRefinementThreads                  = 4                                         {product} {ergonomic}
   size_t G1HeapRegionSize                         = 1048576                                   {product} {ergonomic}
    uintx GCDrainStackTargetSize                   = 64                                        {product} {ergonomic}
   size_t InitialHeapSize                          = 132120576                                 {product} {ergonomic}
   size_t MarkStackSize                            = 4194304                                   {product} {ergonomic}
   size_t MaxHeapSize                              = 2111832064                                {product} {ergonomic}
   size_t MinHeapDeltaBytes                        = 1048576                                   {product} {ergonomic}
   size_t MinHeapSize                              = 8388608                                   {product} {ergonomic}
    uintx NonNMethodCodeHeapSize                   = 5832780                                {pd product} {ergonomic}
    uintx NonProfiledCodeHeapSize                  = 122912730                              {pd product} {ergonomic}
    uintx ProfiledCodeHeapSize                     = 122912730                              {pd product} {ergonomic}
    uintx ReservedCodeCacheSize                    = 251658240                              {pd product} {ergonomic}
     bool SegmentedCodeCache                       = true                                      {product} {ergonomic}
   size_t SoftMaxHeapSize                          = 2111832064                             {manageable} {ergonomic}
     bool UseCompressedClassPointers               = true                           {product lp64_product} {ergonomic}
     bool UseCompressedOops                        = true                           {product lp64_product} {ergonomic}
     bool UseG1GC                                  = true                                      {product} {ergonomic}
     bool UseLargePagesIndividualAllocation        = false                                  {pd product} {ergonomic}

Logging:
Log output configuration:
 #0: stdout all=warning uptime,level,tags
 #1: stderr all=off uptime,level,tags

Environment Variables:
PATH=C:\Program Files\Git\mingw64\libexec\git-core;C:\Program Files\Git\mingw64\libexec\git-core;C:\Program Files\Git\mingw64\bin;C:\Program Files\Git\usr\bin;C:\Users\Enygeek\bin;C:\windows\system32;C:\windows;C:\windows\System32\Wbem;C:\windows\System32\WindowsPowerShell\v1.0;C:\windows\System32\OpenSSH;C:\Program Files\Git\cmd;C:\Users\Enygeek\.jdks\openjdk-19.0.1\bin;C:\Program Files\Microsoft SQL Server\150\Tools\Binn;C:\Program Files\Microsoft SQL Server\Client SDK\ODBC\170\Tools\Binn;C:\Program Files\dotnet;C:\Program Files (x86)\Microsoft SQL Server\160\Tools\Binn;C:\Program Files\Microsoft SQL Server\160\Tools\Binn;C:\Program Files\Microsoft SQL Server\160\DTS\Binn;C:\Program Files\nodejs;C:\Users\Enygeek\AppData\Local\Programs\Python\Python38\Scripts;C:\Users\Enygeek\AppData\Local\Programs\Python\Python38;C:\Users\Enygeek\AppData\Local\Microsoft\WindowsApps;C:\Users\Enygeek\AppData\Local\Programs\Microsoft VS Code\bin;C:\Program Files\JetBrains\IntelliJ IDEA 2022.2.3\bin;C:\Users\Enygeek\AppData\Local\GitHubDesktop\bin;C:\Users\Enygeek\.jdks\openjdk-19.0.1\bin;C:\Users\Enygeek\.dotnet\tools;C:\Program Files\JetBrains\WebStorm 2022.3.3\bin;C:\Users\Enygeek\AppData\Roaming\npm
USERNAME=Enygeek
DISPLAY=:0.0
LC_ALL=en_US.UTF-8
TERM=xterm-256color
TMPDIR=C:\Users\Enygeek\AppData\Local\Temp
OS=Windows_NT
PROCESSOR_IDENTIFIER=Intel64 Family 6 Model 142 Stepping 9, GenuineIntel
TMP=C:\Users\Enygeek\AppData\Local\Temp
TEMP=C:\Users\Enygeek\AppData\Local\Temp



---------------  S Y S T E M  ---------------

OS:
 Windows 10 , 64 bit Build 19041 (10.0.19041.2788)
OS uptime: 3 days 18:26 hours

CPU: total 4 (initial active 4) (2 cores per cpu, 2 threads per core) family 6 model 142 stepping 9 microcode 0xb4, cx8, cmov, fxsr, ht, mmx, 3dnowpref, sse, sse2, sse3, ssse3, sse4.1, sse4.2, popcnt, lzcnt, tsc, tscinvbit, avx, avx2, aes, erms, clmul, bmi1, bmi2, adx, fma, vzeroupper, clflush, clflushopt

Memory: 4k page, system-wide physical 8052M (454M free)
TotalPageFile size 22475M (AvailPageFile size 102M)
current process WorkingSet (physical memory assigned to process): 10M, peak: 10M
current process commit charge ("private bytes"): 51M, peak: 177M

vm_info: OpenJDK 64-Bit Server VM (17.0.6+1-b653.34) for windows-amd64 JRE (17.0.6+1-b653.34), built on 2023-02-24 by "builduser" with MS VC++ 16.10 / 16.11 (VS2019)

END.
